<?xml version="1.0" encoding="UTF-8"?>
<!-- Generated by org.testng.reporters.JUnitReportReporter -->
<testsuite skipped="0" hostname="Veeranti" name="com.guru.test.TestScript05" tests="4" failures="0" timestamp="08 Jul 2018 14:54:47 GMT" time="148.384" errors="0">
  <testcase name="testCase05" time="45.712" classname="com.guru.test.TestScript05"/>
  <testcase name="testCase05" time="34.002" classname="com.guru.test.TestScript05"/>
  <testcase name="testCase05" time="33.692" classname="com.guru.test.TestScript05"/>
  <testcase name="testCase05" time="34.978" classname="com.guru.test.TestScript05"/>
</testsuite> <!-- com.guru.test.TestScript05 -->
